<testsuites id="" name="" tests="20" failures="3" skipped="0" errors="0" time="100.462194">
<testsuite name="login.spec.js" timestamp="2025-09-05T19:06:01.950Z" hostname="Dev" tests="4" failures="1" skipped="0" time="112.374" errors="0">
<testcase name="Login Tests @Regression @Login › @Smoke - Login exitoso" classname="login.spec.js" time="32.222">
<failure message="login.spec.js:7:3 @Smoke - Login exitoso" type="FAILURE">
<![CDATA[  [Dev] › login.spec.js:7:3 › Login Tests @Regression @Login › @Smoke - Login exitoso ──────────────

    Test timeout of 30000ms exceeded.

    Error: expect(locator).toBeVisible() failed

    Locator:  locator('a').filter({ hasText: 'HR Core' })
    Expected: visible
    Received: <element(s) not found>

    Call log:
      - Expect "toBeVisible" with timeout 5000ms
      - waiting for locator('a').filter({ hasText: 'HR Core' })


      19 |     
      20 |     // THEN - Usuario es redirigido al dashboard y ve contenido esperado
    > 21 |     await expect(page.locator('a').filter({ hasText: 'HR Core' })).toBeVisible();
         |                                                                    ^
      22 |   });
      23 |
      24 |
        at C:\Workspace\Fichap\Fichap-Playwright\tests\login.spec.js:21:68

    attachment #1: screenshot (image/png) ──────────────────────────────────────────────────────────
    ..\test-results\login-Login-Tests-Regression-Login-Smoke---Login-exitoso-Dev\test-failed-1.png
    ────────────────────────────────────────────────────────────────────────────────────────────────

    attachment #2: video (video/webm) ──────────────────────────────────────────────────────────────
    ..\test-results\login-Login-Tests-Regression-Login-Smoke---Login-exitoso-Dev\video.webm
    ────────────────────────────────────────────────────────────────────────────────────────────────

    Error Context: ..\test-results\login-Login-Tests-Regression-Login-Smoke---Login-exitoso-Dev\error-context.md

    attachment #4: trace (application/zip) ─────────────────────────────────────────────────────────
    ..\test-results\login-Login-Tests-Regression-Login-Smoke---Login-exitoso-Dev\trace.zip
    Usage:

        npx playwright show-trace ..\test-results\login-Login-Tests-Regression-Login-Smoke---Login-exitoso-Dev\trace.zip

    ────────────────────────────────────────────────────────────────────────────────────────────────
]]>
</failure>
<system-out>
<![CDATA[
[[ATTACHMENT|login-Login-Tests-Regression-Login-Smoke---Login-exitoso-Dev\test-failed-1.png]]

[[ATTACHMENT|login-Login-Tests-Regression-Login-Smoke---Login-exitoso-Dev\video.webm]]

[[ATTACHMENT|login-Login-Tests-Regression-Login-Smoke---Login-exitoso-Dev\error-context.md]]

[[ATTACHMENT|login-Login-Tests-Regression-Login-Smoke---Login-exitoso-Dev\trace.zip]]
]]>
</system-out>
</testcase>
<testcase name="Login Tests @Regression @Login › Login fallido por campos vacios" classname="login.spec.js" time="31.554">
</testcase>
<testcase name="Login Tests @Regression @Login › Login fallido por usuario incorrecto" classname="login.spec.js" time="18.386">
</testcase>
<testcase name="Login Tests @Regression @Login › Login fallido por contraseña incorrecta" classname="login.spec.js" time="30.212">
</testcase>
</testsuite>
<testsuite name="login.spec.js" timestamp="2025-09-05T19:06:01.950Z" hostname="Test" tests="4" failures="0" skipped="0" time="82.38" errors="0">
<testcase name="Login Tests @Regression @Login › @Smoke - Login exitoso" classname="login.spec.js" time="28.855">
</testcase>
<testcase name="Login Tests @Regression @Login › Login fallido por campos vacios" classname="login.spec.js" time="24.26">
</testcase>
<testcase name="Login Tests @Regression @Login › Login fallido por usuario incorrecto" classname="login.spec.js" time="13.749">
</testcase>
<testcase name="Login Tests @Regression @Login › Login fallido por contraseña incorrecta" classname="login.spec.js" time="15.516">
</testcase>
</testsuite>
<testsuite name="login.spec.js" timestamp="2025-09-05T19:06:01.950Z" hostname="chromium" tests="4" failures="0" skipped="0" time="80.648" errors="0">
<testcase name="Login Tests @Regression @Login › @Smoke - Login exitoso" classname="login.spec.js" time="29.607">
</testcase>
<testcase name="Login Tests @Regression @Login › Login fallido por campos vacios" classname="login.spec.js" time="8.308">
</testcase>
<testcase name="Login Tests @Regression @Login › Login fallido por usuario incorrecto" classname="login.spec.js" time="17.086">
</testcase>
<testcase name="Login Tests @Regression @Login › Login fallido por contraseña incorrecta" classname="login.spec.js" time="25.647">
</testcase>
</testsuite>
<testsuite name="login.spec.js" timestamp="2025-09-05T19:06:01.950Z" hostname="firefox" tests="4" failures="2" skipped="0" time="115.288" errors="0">
<testcase name="Login Tests @Regression @Login › @Smoke - Login exitoso" classname="login.spec.js" time="33.726">
<failure message="login.spec.js:7:3 @Smoke - Login exitoso" type="FAILURE">
<![CDATA[  [firefox] › login.spec.js:7:3 › Login Tests @Regression @Login › @Smoke - Login exitoso ──────────

    Test timeout of 30000ms exceeded.

    Error: expect(locator).toBeVisible() failed

    Locator:  locator('a').filter({ hasText: 'HR Core' })
    Expected: visible
    Received: <element(s) not found>

    Call log:
      - Expect "toBeVisible" with timeout 5000ms
      - waiting for locator('a').filter({ hasText: 'HR Core' })


      19 |     
      20 |     // THEN - Usuario es redirigido al dashboard y ve contenido esperado
    > 21 |     await expect(page.locator('a').filter({ hasText: 'HR Core' })).toBeVisible();
         |                                                                    ^
      22 |   });
      23 |
      24 |
        at C:\Workspace\Fichap\Fichap-Playwright\tests\login.spec.js:21:68

    attachment #1: screenshot (image/png) ──────────────────────────────────────────────────────────
    ..\test-results\login-Login-Tests-Regression-Login-Smoke---Login-exitoso-firefox\test-failed-1.png
    ────────────────────────────────────────────────────────────────────────────────────────────────

    attachment #2: video (video/webm) ──────────────────────────────────────────────────────────────
    ..\test-results\login-Login-Tests-Regression-Login-Smoke---Login-exitoso-firefox\video.webm
    ────────────────────────────────────────────────────────────────────────────────────────────────

    Error Context: ..\test-results\login-Login-Tests-Regression-Login-Smoke---Login-exitoso-firefox\error-context.md

    attachment #4: trace (application/zip) ─────────────────────────────────────────────────────────
    ..\test-results\login-Login-Tests-Regression-Login-Smoke---Login-exitoso-firefox\trace.zip
    Usage:

        npx playwright show-trace ..\test-results\login-Login-Tests-Regression-Login-Smoke---Login-exitoso-firefox\trace.zip

    ────────────────────────────────────────────────────────────────────────────────────────────────
]]>
</failure>
<system-out>
<![CDATA[
[[ATTACHMENT|login-Login-Tests-Regression-Login-Smoke---Login-exitoso-firefox\test-failed-1.png]]

[[ATTACHMENT|login-Login-Tests-Regression-Login-Smoke---Login-exitoso-firefox\video.webm]]

[[ATTACHMENT|login-Login-Tests-Regression-Login-Smoke---Login-exitoso-firefox\error-context.md]]

[[ATTACHMENT|login-Login-Tests-Regression-Login-Smoke---Login-exitoso-firefox\trace.zip]]
]]>
</system-out>
</testcase>
<testcase name="Login Tests @Regression @Login › Login fallido por campos vacios" classname="login.spec.js" time="33.55">
<failure message="login.spec.js:27:1 Login fallido por campos vacios" type="FAILURE">
<![CDATA[  [firefox] › login.spec.js:27:1 › Login Tests @Regression @Login › Login fallido por campos vacios 

    Test timeout of 30000ms exceeded.

    attachment #1: screenshot (image/png) ──────────────────────────────────────────────────────────
    ..\test-results\login-Login-Tests-Regressi-bbe0a-n-fallido-por-campos-vacios-firefox\test-failed-1.png
    ────────────────────────────────────────────────────────────────────────────────────────────────

    attachment #2: video (video/webm) ──────────────────────────────────────────────────────────────
    ..\test-results\login-Login-Tests-Regressi-bbe0a-n-fallido-por-campos-vacios-firefox\video.webm
    ────────────────────────────────────────────────────────────────────────────────────────────────

    Error Context: ..\test-results\login-Login-Tests-Regressi-bbe0a-n-fallido-por-campos-vacios-firefox\error-context.md

    attachment #4: trace (application/zip) ─────────────────────────────────────────────────────────
    ..\test-results\login-Login-Tests-Regressi-bbe0a-n-fallido-por-campos-vacios-firefox\trace.zip
    Usage:

        npx playwright show-trace ..\test-results\login-Login-Tests-Regressi-bbe0a-n-fallido-por-campos-vacios-firefox\trace.zip

    ────────────────────────────────────────────────────────────────────────────────────────────────
]]>
</failure>
<system-out>
<![CDATA[
[[ATTACHMENT|login-Login-Tests-Regressi-bbe0a-n-fallido-por-campos-vacios-firefox\test-failed-1.png]]

[[ATTACHMENT|login-Login-Tests-Regressi-bbe0a-n-fallido-por-campos-vacios-firefox\video.webm]]

[[ATTACHMENT|login-Login-Tests-Regressi-bbe0a-n-fallido-por-campos-vacios-firefox\error-context.md]]

[[ATTACHMENT|login-Login-Tests-Regressi-bbe0a-n-fallido-por-campos-vacios-firefox\trace.zip]]
]]>
</system-out>
</testcase>
<testcase name="Login Tests @Regression @Login › Login fallido por usuario incorrecto" classname="login.spec.js" time="29.433">
</testcase>
<testcase name="Login Tests @Regression @Login › Login fallido por contraseña incorrecta" classname="login.spec.js" time="18.579">
</testcase>
</testsuite>
<testsuite name="login.spec.js" timestamp="2025-09-05T19:06:01.950Z" hostname="webkit" tests="4" failures="0" skipped="0" time="68.504" errors="0">
<testcase name="Login Tests @Regression @Login › @Smoke - Login exitoso" classname="login.spec.js" time="26.524">
</testcase>
<testcase name="Login Tests @Regression @Login › Login fallido por campos vacios" classname="login.spec.js" time="18.292">
</testcase>
<testcase name="Login Tests @Regression @Login › Login fallido por usuario incorrecto" classname="login.spec.js" time="11.875">
</testcase>
<testcase name="Login Tests @Regression @Login › Login fallido por contraseña incorrecta" classname="login.spec.js" time="11.813">
</testcase>
</testsuite>
</testsuites>